빌드 시작: 2015-12-16 오후 3:15:46
     1>2 노드의 "C:\Users\종우\Documents\Visual Studio 2015\Projects\random_ship-arrange\ConsoleApplication1\ConsoleApplication1.vcxproj" 프로젝트(Build 대상)입니다.
     1>ClCompile:
         C:\Program Files (x86)\Microsoft Visual Studio 14.0\VC\bin\CL.exe /c /ZI /nologo /W3 /WX- /Od /Oy- /D WIN32 /D _DEBUG /D _CONSOLE /D _UNICODE /D UNICODE /Gm /EHsc /RTC1 /MDd /GS /fp:precise /Zc:wchar_t /Zc:forScope /Zc:inline /Fo"Debug\\" /Fd"Debug\vc140.pdb" /Gd /TC /analyze- /errorReport:prompt c.c
         c.c
     1>c:\users\종우\documents\visual studio 2015\projects\random_ship-arrange\consoleapplication1\c.c(53): warning C4047: '함수': 'int *(*)[10]'의 간접 참조 수준이 'int [10][10]'과(와) 다릅니다.
     1>c:\users\종우\documents\visual studio 2015\projects\random_ship-arrange\consoleapplication1\c.c(53): warning C4024: 'check_arrange': 형식 및 실제 매개 변수 1의 형식이 서로 다릅니다.
     1>c:\users\종우\documents\visual studio 2015\projects\random_ship-arrange\consoleapplication1\c.c(58): warning C4047: '함수': 'int *(*)[10]'의 간접 참조 수준이 'int [10][10]'과(와) 다릅니다.
     1>c:\users\종우\documents\visual studio 2015\projects\random_ship-arrange\consoleapplication1\c.c(58): warning C4024: 'ship': 형식 및 실제 매개 변수 1의 형식이 서로 다릅니다.
     1>c:\users\종우\documents\visual studio 2015\projects\random_ship-arrange\consoleapplication1\c.c(65): warning C4047: '함수': 'int *(*)[10]'의 간접 참조 수준이 'int [10][10]'과(와) 다릅니다.
     1>c:\users\종우\documents\visual studio 2015\projects\random_ship-arrange\consoleapplication1\c.c(65): warning C4024: 'ship': 형식 및 실제 매개 변수 1의 형식이 서로 다릅니다.
     1>c:\users\종우\documents\visual studio 2015\projects\random_ship-arrange\consoleapplication1\c.c(78): warning C4047: '함수': 'int *(*)[10]'의 간접 참조 수준이 'int [10][10]'과(와) 다릅니다.
     1>c:\users\종우\documents\visual studio 2015\projects\random_ship-arrange\consoleapplication1\c.c(78): warning C4024: 'ship': 형식 및 실제 매개 변수 1의 형식이 서로 다릅니다.
     1>c:\users\종우\documents\visual studio 2015\projects\random_ship-arrange\consoleapplication1\c.c(90): warning C4047: '함수': 'int *(*)[10]'의 간접 참조 수준이 'int [10][10]'과(와) 다릅니다.
     1>c:\users\종우\documents\visual studio 2015\projects\random_ship-arrange\consoleapplication1\c.c(90): warning C4024: 'ship': 형식 및 실제 매개 변수 1의 형식이 서로 다릅니다.
     1>c:\users\종우\documents\visual studio 2015\projects\random_ship-arrange\consoleapplication1\c.c(101): warning C4047: '함수': 'int *(*)[10]'의 간접 참조 수준이 'int [10][10]'과(와) 다릅니다.
     1>c:\users\종우\documents\visual studio 2015\projects\random_ship-arrange\consoleapplication1\c.c(101): warning C4024: 'mapprint': 형식 및 실제 매개 변수 1의 형식이 서로 다릅니다.
     1>c:\users\종우\documents\visual studio 2015\projects\random_ship-arrange\consoleapplication1\c.c(33): warning C4101: 'k' :참조되지 않은 지역 변수입니다.
     1>c:\users\종우\documents\visual studio 2015\projects\random_ship-arrange\consoleapplication1\c.c(33): warning C4101: 'j' :참조되지 않은 지역 변수입니다.
     1>c:\users\종우\documents\visual studio 2015\projects\random_ship-arrange\consoleapplication1\c.c(33): warning C4101: 'i' :참조되지 않은 지역 변수입니다.
     1>c:\users\종우\documents\visual studio 2015\projects\random_ship-arrange\consoleapplication1\c.c(33): warning C4101: 'h' :참조되지 않은 지역 변수입니다.
     1>c:\users\종우\documents\visual studio 2015\projects\random_ship-arrange\consoleapplication1\c.c(112): warning C4477: 'printf' : format string '%5d' requires an argument of type 'int', but variadic argument 1 has type 'int *'
     1>c:\users\종우\documents\visual studio 2015\projects\random_ship-arrange\consoleapplication1\c.c(129): warning C4047: '=': 'int *'의 간접 참조 수준이 'int'과(와) 다릅니다.
     1>c:\users\종우\documents\visual studio 2015\projects\random_ship-arrange\consoleapplication1\c.c(134): warning C4047: '=': 'int *'의 간접 참조 수준이 'int'과(와) 다릅니다.
     1>c:\users\종우\documents\visual studio 2015\projects\random_ship-arrange\consoleapplication1\c.c(144): warning C4047: '=': 'int *'의 간접 참조 수준이 'int'과(와) 다릅니다.
     1>c:\users\종우\documents\visual studio 2015\projects\random_ship-arrange\consoleapplication1\c.c(149): warning C4047: '=': 'int *'의 간접 참조 수준이 'int'과(와) 다릅니다.
     1>c:\users\종우\documents\visual studio 2015\projects\random_ship-arrange\consoleapplication1\c.c(121): warning C4101: 'h' :참조되지 않은 지역 변수입니다.
     1>c:\users\종우\documents\visual studio 2015\projects\random_ship-arrange\consoleapplication1\c.c(156): warning C4101: 'p' :참조되지 않은 지역 변수입니다.
     1>c:\users\종우\documents\visual studio 2015\projects\random_ship-arrange\consoleapplication1\c.c(156): warning C4101: 'j' :참조되지 않은 지역 변수입니다.
     1>c:\users\종우\documents\visual studio 2015\projects\random_ship-arrange\consoleapplication1\c.c(156): warning C4101: 'i' :참조되지 않은 지역 변수입니다.
       Link:
         C:\Program Files (x86)\Microsoft Visual Studio 14.0\VC\bin\link.exe /ERRORREPORT:PROMPT /OUT:"C:\Users\종우\Documents\Visual Studio 2015\Projects\random_ship-arrange\Debug\ConsoleApplication1.exe" /INCREMENTAL /NOLOGO kernel32.lib user32.lib gdi32.lib winspool.lib comdlg32.lib advapi32.lib shell32.lib ole32.lib oleaut32.lib uuid.lib odbc32.lib odbccp32.lib /MANIFEST /MANIFESTUAC:"level='asInvoker' uiAccess='false'" /manifest:embed /Debug /PDB:"C:\Users\종우\Documents\Visual Studio 2015\Projects\random_ship-arrange\Debug\ConsoleApplication1.pdb" /SUBSYSTEM:CONSOLE /TLBID:1 /DYNAMICBASE /NXCOMPAT /IMPLIB:"C:\Users\종우\Documents\Visual Studio 2015\Projects\random_ship-arrange\Debug\ConsoleApplication1.lib" /MACHINE:X86 Debug\c.obj
         ConsoleApplication1.vcxproj -> C:\Users\종우\Documents\Visual Studio 2015\Projects\random_ship-arrange\Debug\ConsoleApplication1.exe
     1>"C:\Users\종우\Documents\Visual Studio 2015\Projects\random_ship-arrange\ConsoleApplication1\ConsoleApplication1.vcxproj" 프로젝트를 빌드했습니다(Build 대상).

빌드했습니다.

경과 시간: 00:00:01.06
